8
8
8
7
9
9
10
10
9
8
9
7
7
8
10
8
10
7
8
9
11
9
10
9
6
8
5
8
7
7
7
6
6
6
5
5
6
7
6
9
5
7
4
7
7
10
7
9
6
5
6
4
4
6
3
6
2
5
5
9
4
9
10
11
10
12
9
10
11
12
11
10
12
10
9
12
8
13
5
10
12
9
5
11
5
12
12
12
8
11
11
11
6
13
13
13
14
14
12
11
9
11
13
11
14
11
13
12
14
13
13
14
13
10
11
8
13
15
12
7
13
6
14
12
6
12
7
12
4
11
3
10
4
13
4
10
5
13
7
13
2
10
4
12
3
13
2
13
7
5
4
8
6
10
6
11
9
5
3
8
8
4
9
3
10
6
7
3
10
4
8
6
10
5
10
3
8
3
8
5
11
4
9
4
11
2
3
7
3
9
3
5
3
4
8
2
9
1
7
4
12
5
11
5
13
4
11
6
12
3
13
2
12
4
14
4
13
5
13
7
12
3
14
7
12
3
14
5
14
6
15
7
13
7
13
8
11
3
12
2
11
13
12
14
11
15
12
13
12
15
10
15
11
14
14
9
12
8
15
11
15
10
15
5
