1.15203e-06
1.26955e-05
8.33192e-06
0.000375119
1.24267e-05
1.17719e-05
7.89703e-06
1.2557e-06
1.75408e-07
8.1219e-09
1.90595e-09
2.07599e-09
2.42157e-10
4.53935e-11
1.34725e-10
2.89941e-05
0.000317952
0.000892742
1.27469e-07
1.11611e-05
0.00105092
0.000375093
0.00037339
0.000150391
8.70178e-07
8.97869e-07
7.25991e-10
1.59773e-11
7.82856e-13
2.39318e-12
5.08746e-06
2.1682e-05
1.75568e-05
0.00265691
1.60199e-08
3.39071e-06
3.52852e-05
0.000357885
0.000458769
0.00102019
3.36071e-05
1.74996e-07
1.94972e-09
3.00761e-11
9.74532e-12
1.02583e-05
0.000103084
1.01487e-05
3.10826e-07
3.05095e-07
6.55441e-06
0.0132911
0.00298491
0.00371226
0.000281866
7.19755e-06
2.13919e-05
1.57659e-06
1.75922e-10
8.65417e-11
9.85706e-07
0.000159229
2.20762e-07
1.1947e-08
9.71788e-10
8.61313e-06
2.37875e-08
1.68749e-05
0.000238735
5.26269e-06
9.97282e-05
8.17754e-05
3.65272e-08
1.0072e-09
4.01412e-11
9.44288e-08
2.19483e-08
1.93228e-08
2.17119e-08
3.89037e-07
1.74174e-07
1.83928e-06
1.84126e-08
5.31938e-08
0.000449014
0.000970435
2.04159e-05
4.27922e-05
1.76067e-10
3.66291e-11
2.68071e-06
5.95214e-05
7.37263e-07
0.0041479
1.6906e-05
0.000814666
2.54998e-08
1.34325e-09
3.43323e-05
1.44928e-07
7.81629e-05
0.0074117
1.46439e-07
1.86817e-09
1.82413e-11
2.29039e-07
2.16565e-05
0.000236477
2.32814e-05
0.010063
4.51781e-05
5.91487e-07
8.23884e-07
4.41795e-11
5.16494e-07
0.222788
2.56468e-06
9.06096e-07
3.11241e-10
1.00751e-11
6.4344e-07
0.00028969
0.00398232
0.0135765
1.51988e-06
0.000117037
1.05143e-07
7.60563e-07
0.000175509
0.000958083
2.2821e-06
0.00138147
0.000123396
3.49367e-11
7.52503e-12
6.43155e-08
2.7894e-06
4.05998e-05
0.00159375
2.41273e-05
5.73282e-05
1.87172e-06
1.01189e-11
8.64468e-08
1.86022e-07
0.00602242
0.00141615
2.40972e-07
3.54888e-10
1.19182e-11
1.07686e-07
5.37079e-06
0.000512047
7.17606e-05
0.0144202
5.77132e-05
1.11917e-06
3.9944e-07
1.86195e-07
0.0139414
0.107807
2.55635e-05
2.8185e-06
7.44953e-11
8.82359e-12
1.00797e-08
4.55345e-06
1.51113e-05
0.00325723
2.42236e-05
0.000239482
0.0029649
7.48711e-06
2.22642e-07
0.000131939
2.56745e-06
5.47399e-07
9.75589e-07
2.87245e-10
5.32348e-12
1.16462e-08
1.70826e-08
0.000461807
0.000347612
3.28286e-05
0.433543
2.26002e-06
2.79968e-06
2.31894e-05
0.000149802
0.000652308
5.7165e-05
2.84441e-07
8.31635e-11
1.41794e-12
1.11977e-09
6.44585e-10
1.91656e-07
8.24069e-06
0.0909367
2.14407e-05
0.0019342
0.000307833
1.07584e-05
0.0117908
9.84657e-07
3.09113e-07
1.33739e-08
6.28096e-12
4.21281e-13
4.43216e-08
1.97095e-09
1.82345e-09
2.04821e-05
1.11611e-06
5.28088e-05
0.00972438
5.19433e-07
0.000115859
1.4234e-05
2.18693e-07
6.89813e-08
4.04402e-08
9.50627e-11
7.59873e-11
