3.5969e-06
0.00397062
1.24909e-08
3.18004e-06
2.34857e-06
0.000645455
7.0229e-06
1.39455e-10
4.16226e-10
1.98821e-10
2.17912e-10
2.01707e-10
3.85431e-11
6.69665e-12
1.00701e-11
2.10144e-09
6.65709e-08
1.04935e-11
4.83504e-07
3.72218e-09
4.00405e-07
2.00549e-09
4.51666e-10
1.23875e-11
9.43336e-11
1.05747e-10
3.81413e-11
5.82234e-13
2.07957e-14
2.86894e-14
8.71935e-08
3.84918e-08
3.48783e-07
1.22339e-06
8.22803e-07
1.87833e-07
5.72662e-07
5.53102e-11
1.11774e-11
1.19306e-11
1.39659e-11
6.6247e-12
1.31333e-13
5.73027e-15
1.9374e-14
3.31002e-11
1.51391e-09
3.46823e-07
2.2784e-06
4.15064e-06
1.03361e-06
8.40891e-08
4.05642e-11
1.15824e-10
1.50748e-10
2.11788e-11
3.29102e-12
5.62487e-13
6.22903e-15
2.48512e-14
3.4776e-10
2.41472e-08
4.6121e-06
1.0799e-05
1.82518e-05
2.83457e-05
4.74251e-07
1.2532e-08
1.57269e-06
5.1353e-10
1.82399e-10
3.13838e-08
4.15993e-13
8.55722e-14
1.69991e-14
6.97795e-11
2.21773e-10
3.56619e-07
1.23464e-07
0.000170237
5.10331e-05
0.000235461
6.76376e-06
0.00370219
6.38132e-07
0.000476915
3.17254e-09
1.45501e-08
1.71388e-14
5.70622e-14
1.66354e-10
2.37445e-10
1.64326e-07
3.92284e-06
4.47658e-06
0.000127179
7.17583e-08
1.68441e-05
0.0157295
0.000467058
1.28762e-06
0.000310326
3.99796e-10
4.73414e-13
9.22602e-14
7.03565e-11
6.83065e-11
3.22286e-08
7.8412e-07
2.04477e-06
8.71057e-05
1.39765e-05
2.5882e-07
7.65475e-07
0.000393491
0.0551529
2.46514e-08
7.02786e-09
1.62603e-12
9.5897e-14
2.31587e-11
8.23786e-12
6.51181e-09
1.25719e-06
8.31842e-05
0.0153066
1.08491e-05
0.0235557
0.000271935
3.44932e-07
0.0271318
6.57645e-05
1.56657e-07
5.56409e-13
1.12613e-13
1.10731e-11
4.52771e-13
7.01981e-12
5.52609e-08
3.38595e-07
2.62209e-09
0.000216228
0.0383095
8.23983e-10
9.72043e-15
1.0728e-06
1.69154e-10
6.59006e-09
7.44722e-13
1.3771e-13
4.75047e-12
9.54543e-14
2.07977e-12
9.00305e-09
1.4402e-06
0.00200222
0.0245904
2.3797e-06
6.78375e-06
0.015063
2.45831e-05
0.000868693
5.21892e-11
2.39173e-13
4.00699e-14
1.95357e-12
2.44006e-14
8.12228e-14
3.02136e-12
1.52337e-07
1.60068e-07
0.129448
6.3954e-06
0.640229
3.48322e-05
0.000741327
5.74403e-10
5.15197e-09
7.49992e-14
1.33881e-14
5.41399e-13
2.61885e-15
2.02261e-15
2.11605e-12
1.45015e-08
2.56041e-05
5.34808e-08
1.21899e-05
0.000320681
6.716e-07
2.08057e-06
8.01158e-08
1.01504e-12
2.21358e-15
1.6134e-15
8.00157e-13
6.32222e-16
1.64392e-16
2.68887e-15
7.232e-13
1.60117e-12
2.09658e-12
6.06045e-09
5.47599e-08
1.50945e-10
5.55818e-10
1.27856e-10
2.04685e-14
7.56494e-17
7.04273e-16
1.01313e-10
4.16038e-13
3.27301e-13
1.37153e-12
4.42648e-12
1.82305e-11
3.04722e-11
5.68883e-11
1.43026e-10
1.43641e-10
1.27448e-10
2.06343e-11
1.2756e-12
5.81848e-14
4.38568e-13
