\BOOKMARK [1][-]{section.1}{Introduction}{}% 1
\BOOKMARK [1][-]{section.2}{Models}{}% 2
\BOOKMARK [2][-]{subsection.2.1}{Policy\040Networks}{section.2}% 3
\BOOKMARK [2][-]{subsection.2.2}{Value\040Networks}{section.2}% 4
\BOOKMARK [1][-]{section.3}{Implementation\040of\040Models}{}% 5
\BOOKMARK [2][-]{subsection.3.1}{Data\040Preparation}{section.3}% 6
\BOOKMARK [2][-]{subsection.3.2}{Supervised\040Learning\040of\040Policy\040Networks}{section.3}% 7
\BOOKMARK [2][-]{subsection.3.3}{Greedy\040Policy\040Oracle}{section.3}% 8
\BOOKMARK [2][-]{subsection.3.4}{Value\040Networks}{section.3}% 9
\BOOKMARK [1][-]{section.4}{Tree\040Search\040Algorithm}{}% 10
\BOOKMARK [2][-]{subsection.4.1}{Overview}{section.4}% 11
\BOOKMARK [2][-]{subsection.4.2}{Implementation\040Details}{section.4}% 12
\BOOKMARK [1][-]{section.5}{Optimization}{}% 13
\BOOKMARK [2][-]{subsection.5.1}{Straits}{section.5}% 14
\BOOKMARK [2][-]{subsection.5.2}{Idea}{section.5}% 15
\BOOKMARK [2][-]{subsection.5.3}{Naive\040Improvement}{section.5}% 16
\BOOKMARK [2][-]{subsection.5.4}{Damping\040Curve}{section.5}% 17
\BOOKMARK [2][-]{subsection.5.5}{Other\040Differences}{section.5}% 18
\BOOKMARK [1][-]{section.6}{Conclusion}{}% 19
\BOOKMARK [1][-]{section.7}{Further\040Work}{}% 20
\BOOKMARK [1][-]{section.8}{System\040Architecture}{}% 21
\BOOKMARK [2][-]{subsection.8.1}{Oracle}{section.8}% 22
\BOOKMARK [2][-]{subsection.8.2}{Player}{section.8}% 23
\BOOKMARK [2][-]{subsection.8.3}{Arena}{section.8}% 24
\BOOKMARK [2][-]{subsection.8.4}{Board}{section.8}% 25
\BOOKMARK [2][-]{subsection.8.5}{信息}{section.8}% 26
\BOOKMARK [2][-]{subsection.8.6}{图形界面}{section.8}% 27
\BOOKMARK [1][-]{section.9}{GUI\040Tutorial}{}% 28
\BOOKMARK [2][-]{subsection.9.1}{Usage}{section.9}% 29
\BOOKMARK [2][-]{subsection.9.2}{Interaction}{section.9}% 30
