2
8
8
9
9
7
6
8
9
9
8
7
8
10
9
8
7
6
7
8
5
9
6
10
6
6
9
6
6
10
11
11
10
8
11
7
11
7
10
5
8
10
13
9
12
10
10
10
12
11
12
9
11
9
10
7
12
8
10
6
10
9
14
12
11
12
13
13
14
11
13
9
13
8
12
12
10
8
14
10
14
12
8
8
13
12
7
11
8
11
6
10
5
13
7
12
5
10
7
10
8
9
5
11
7
11
9
14
6
13
5
9
3
5
7
14
4
13
6
13
4
3
7
12
4
11
4
8
3
10
3
4
7
8
4
13
10
4
6
13
9
11
11
5
5
3
5
2
4
11
14
11
15
4
4
6
8
3
8
3
6
14
5
14
10
15
10
13
12
13
11
7
3
5
3
6
2
6
4
7
4
7
5
4
2
3
9
11
2
4
9
5
9
2
8
3
2
3
10
3
11
2
9
7
2
5
2
4
10
2
12
1
8
7
7
11
5
2
7
2
10
13
3
4
12
5
13
9
4
6
1
2
6
1
9
9
2
6
5
8
2
10
2
10
4
7
1
12
6
