2
8
8
9
9
9
6
7
8
7
9
9
7
8
10
9
11
9
10
10
10
11
9
8
11
8
6
10
11
11
11
11
8
6
11
10
7
8
7
8
9
6
10
6
9
7
6
6
6
8
5
8
4
10
9
6
5
7
10
5
10
5
7
5
6
6
7
5
8
4
7
7
7
4
11
5
11
5
12
4
8
6
13
7
14
4
13
3
14
7
12
6
12
8
14
11
6
8
13
6
8
3
8
7
13
11
5
9
4
10
5
4
10
3
9
3
11
5
9
9
3
12
5
9
5
9
2
6
2
7
3
10
2
7
5
10
4
11
4
12
3
6
3
12
10
4
4
7
4
6
4
11
3
10
3
13
6
12
7
8
1
9
1
4
5
12
6
12
8
13
8
10
13
10
12
5
5
12
11
11
10
2
4
5
3
13
10
2
3
3
12
3
4
1
2
5
2
5
4
13
5
2
12
2
5
3
5
4
3
6
1
4
2
1
6
4
12
2
11
1
10
2
10
2
9
2
13
2
14
3
13
5
13
6
14
7
15
13
3
2
7
5
15
4
14
4
6
1
3
3
3
13
11
3
1
2
6
2
8
3
2
2
2
1
5
5
14
12
4
14
6
6
15
1
4
12
2
13
1
11
2
10
1
13
2
13
7
14
2
