1
8
8
8
9
8
6
9
10
6
8
9
9
7
9
7
8
10
11
9
11
9
12
7
10
6
10
9
7
9
8
6
7
5
6
5
9
5
7
4
6
5
11
4
12
6
12
6
11
10
10
8
11
5
12
7
12
6
13
10
9
11
8
5
10
8
13
4
9
3
8
7
14
9
6
4
10
4
8
6
6
10
7
12
9
11
9
5
8
10
5
5
13
3
10
8
5
7
6
11
6
2
9
4
7
6
9
4
11
4
13
7
13
7
11
10
4
5
4
6
14
7
15
11
4
8
4
12
6
4
3
5
3
10
8
12
8
12
7
6
5
11
5
13
6
14
6
13
4
12
4
13
5
13
3
10
6
6
3
13
7
13
8
10
3
7
2
8
1
12
5
4
4
3
6
4
5
5
5
11
12
6
2
8
2
9
2
9
3
3
9
3
11
2
10
2
8
8
3
11
7
9
5
11
2
12
1
6
1
4
14
9
14
2
12
2
11
10
14
8
12
5
15
12
11
13
11
12
10
12
12
11
13
10
13
5
14
10
12
