1
8
8
8
9
10
10
9
9
9
8
7
9
10
9
10
12
11
8
10
8
8
10
11
10
11
12
9
10
6
9
9
13
7
8
5
8
11
11
8
7
7
13
8
12
7
11
9
12
9
11
7
12
6
12
10
11
8
13
5
11
4
11
5
10
5
9
5
13
12
7
12
9
13
8
11
6
6
14
5
14
5
12
3
10
6
10
6
11
4
9
12
10
9
7
4
8
13
6
14
5
11
7
13
7
12
4
11
4
11
5
10
6
9
5
10
5
9
6
9
4
7
4
8
5
6
7
8
3
7
2
10
3
11
2
3
8
6
8
6
6
10
4
3
9
3
11
3
6
3
7
7
3
11
3
7
7
5
7
8
6
8
4
5
6
4
6
2
8
1
8
8
2
6
3
2
9
4
7
2
7
2
6
2
11
2
10
13
1
4
10
2
12
13
5
14
6
8
11
3
5
12
5
12
11
12
12
6
13
13
3
14
10
12
6
4
13
12
8
