2
8
8
9
9
9
6
9
10
7
9
8
10
6
10
9
7
7
11
8
11
7
12
7
10
8
12
5
9
9
12
6
12
10
11
11
10
10
10
10
9
11
9
12
8
9
8
7
13
12
7
11
7
5
11
4
12
10
8
7
8
10
12
11
12
8
5
10
14
10
5
9
5
10
6
10
4
8
7
8
6
7
7
6
5
11
6
9
4
11
4
12
3
11
3
12
5
7
4
10
7
6
3
5
2
12
11
13
8
5
4
4
5
5
5
5
6
6
7
6
6
4
6
6
4
7
5
5
8
5
7
4
7
6
9
2
9
3
8
4
11
4
9
6
8
6
11
5
10
12
4
11
5
13
5
14
6
12
6
13
6
10
2
9
1
13
11
11
11
3
12
9
2
9
3
7
6
11
13
13
9
13
10
15
8
14
8
2
7
4
13
2
8
2
10
2
11
2
6
15
6
14
5
12
9
14
7
1
8
1
7
14
12
3
6
15
11
14
10
3
10
3
4
5
12
