1
8
8
8
9
10
10
9
9
9
10
10
8
7
9
8
10
7
11
7
10
9
8
6
10
11
7
8
6
9
7
10
6
5
10
9
6
11
6
10
7
10
5
7
7
11
8
11
5
6
8
11
10
5
8
7
8
5
6
7
6
6
6
8
11
5
9
5
7
4
9
3
9
3
8
6
11
9
12
4
8
6
7
6
5
3
10
2
11
5
12
5
11
8
12
6
13
7
4
7
12
6
12
9
11
2
7
1
6
1
10
2
9
2
10
4
10
5
4
4
5
4
6
6
4
11
9
5
5
12
7
13
8
7
5
13
6
14
7
4
13
5
14
8
3
13
9
13
7
5
13
12
4
11
3
8
5
8
4
13
3
14
2
13
4
13
5
9
13
10
4
2
5
3
5
4
14
1
9
8
13
3
11
4
12
4
11
11
11
10
13
12
8
10
12
10
11
12
11
9
14
10
15
3
13
2
14
2
12
5
15
2
8
1
7
10
2
3
7
2
6
3
6
3
4
4
3
12
2
12
12
12
3
11
12
