2
8
8
8
9
10
10
9
9
9
11
11
9
10
9
10
8
12
10
11
10
8
10
8
11
10
12
11
13
11
7
11
11
11
12
7
9
9
12
12
12
6
9
9
7
6
10
6
11
7
10
9
10
10
14
9
14
5
10
4
10
7
12
8
12
9
6
7
8
6
7
7
6
7
5
6
8
3
11
5
11
5
5
6
5
5
7
5
4
4
3
6
3
3
9
4
7
6
4
4
6
8
4
6
6
3
6
4
8
4
9
3
8
5
8
2
9
5
6
5
9
9
3
9
5
10
4
10
2
8
2
11
5
7
11
9
4
8
3
8
1
10
3
11
3
10
5
8
6
7
7
4
4
4
5
3
10
2
5
2
6
12
4
3
5
1
8
9
8
5
3
10
11
6
1
13
11
11
4
12
3
5
2
3
4
5
1
7
3
7
2
14
10
15
9
10
7
6
2
4
2
12
11
9
2
11
6
13
9
13
8
13
6
4
13
13
10
12
7
14
9
13
13
14
11
14
8
12
9
11
8
13
4
9
1
7
14
7
13
14
12
14
13
13
3
13
5
15
11
12
8
15
8
10
1
5
13
12
6
12
5
14
7
13
12
14
5
12
13
11
14
14
3
15
3
14
4
11
1
15
12
15
13
2
4
1
4
3
7
1
5
1
6
7
1
1
3
8
5
10
13
14
6
6
14
8
14
2
8
13
7
2
10
2
7
15
7
14
2
8
7
