2
8
8
9
9
9
8
8
7
7
8
6
8
10
7
11
8
8
9
7
10
11
6
12
5
6
7
5
6
10
6
10
8
9
7
11
5
9
5
9
6
11
7
12
8
12
7
13
7
7
3
8
4
9
11
9
3
10
4
8
6
7
6
5
7
8
3
6
6
7
5
10
5
13
8
7
7
5
5
7
9
4
6
6
4
8
11
5
9
4
10
5
10
5
8
7
4
5
4
7
11
6
10
8
5
8
10
8
12
7
12
4
9
10
11
9
10
3
9
4
5
9
13
11
4
12
3
11
11
10
12
11
13
9
12
10
3
13
6
11
10
10
10
11
9
11
12
10
13
6
11
12
10
6
13
6
12
9
14
9
15
8
13
10
15
7
14
6
15
8
14
6
14
8
15
5
14
5
13
7
13
13
11
9
2
8
1
14
8
12
11
9
4
14
9
11
2
12
1
15
10
12
6
14
6
15
5
11
3
11
1
9
1
13
12
12
12
13
9
13
10
14
10
10
2
13
3
13
5
12
4
8
2
7
2
12
2
