2
8
8
8
9
8
7
8
6
10
8
9
8
10
7
10
6
9
6
10
5
9
9
7
7
8
5
7
4
10
10
11
9
11
7
12
6
7
10
8
10
10
9
10
11
9
10
10
4
8
11
11
8
6
8
10
3
10
2
12
7
6
9
9
12
9
4
12
5
12
8
12
4
12
3
11
5
13
5
9
5
11
3
13
3
14
2
5
8
7
8
5
10
6
10
6
11
9
7
6
6
9
3
13
6
7
12
6
13
7
11
7
9
11
10
13
7
14
8
14
7
11
6
15
8
11
4
5
6
5
9
4
8
7
6
5
4
5
5
9
2
6
5
4
5
4
7
6
4
3
4
4
2
7
5
13
10
6
3
3
6
4
6
14
9
13
9
12
11
11
12
11
11
9
13
8
12
5
3
1
8
2
7
14
11
13
11
3
9
5
7
15
12
12
9
15
10
8
4
11
1
6
7
3
7
3
8
14
10
2
8
14
13
7
13
7
14
14
12
12
13
15
9
13
12
11
14
12
10
2
9
2
6
8
13
15
14
2
10
2
11
15
13
13
14
2
4
3
5
5
12
12
15
12
14
14
5
15
4
3
11
4
3
7
3
9
11
3
12
5
11
4
13
5
14
15
7
6
12
8
14
3
13
14
4
4
9
15
5
12
2
13
13
10
12
15
11
13
2
11
2
4
12
2
14
5
13
5
15
6
14
9
14
4
11
14
3
7
15
8
15
4
10
3
3
4
14
3
15
3
10
9
1
7
1
14
6
