2
8
8
9
9
10
6
7
9
10
9
10
8
8
10
8
9
6
9
7
8
9
10
7
10
7
7
9
8
10
7
7
12
7
11
11
8
6
7
6
8
11
5
9
7
9
5
10
5
7
5
11
7
8
6
5
5
10
4
11
3
12
6
9
3
12
10
12
8
13
8
11
6
5
7
4
7
6
10
8
3
7
3
8
4
7
4
7
6
7
2
7
1
11
10
10
10
11
11
10
12
11
12
11
9
9
11
9
12
10
11
8
11
12
13
13
14
10
13
12
11
5
9
4
8
10
3
3
8
5
8
5
10
4
10
4
4
4
5
9
13
6
3
3
10
5
2
4
1
6
4
5
4
6
5
6
6
6
12
6
11
4
9
3
9
5
12
8
5
4
2
5
3
3
7
6
2
3
5
9
14
8
13
14
10
3
11
4
11
6
1
14
7
8
1
15
9
13
9
13
7
14
6
15
7
12
7
5
13
2
2
10
14
3
2
1
2
11
14
11
13
14
11
13
12
2
5
13
11
12
12
3
4
1
5
2
9
2
4
2
3
1
10
12
4
5
1
3
3
2
8
11
4
9
1
14
4
13
4
13
2
14
1
12
3
9
6
12
2
12
1
10
2
11
2
13
13
11
1
13
15
