2
8
8
8
9
8
6
9
10
9
6
9
9
7
9
7
8
10
11
9
7
9
11
8
10
8
11
7
11
10
8
10
7
7
10
9
12
11
9
6
12
5
13
11
11
11
7
11
6
12
5
6
10
8
12
7
13
12
6
12
7
13
5
14
4
10
10
12
8
11
5
14
5
10
5
9
5
11
4
12
3
10
4
9
3
8
4
9
4
13
6
14
7
11
2
6
7
5
6
6
9
6
6
7
6
6
11
10
3
8
5
8
7
11
3
11
1
13
7
14
8
14
6
12
4
9
2
13
8
7
7
15
8
11
8
5
10
4
11
4
10
5
11
10
12
6
5
7
4
5
5
4
4
5
7
5
8
4
8
7
5
12
10
3
10
2
10
3
9
4
9
3
11
3
8
3
6
7
3
8
2
4
7
2
9
5
4
5
3
4
6
4
5
6
4
3
7
3
5
6
8
5
12
11
10
13
11
14
12
13
3
13
4
5
14
5
15
3
13
15
6
12
9
3
14
6
2
6
3
12
13
12
11
9
8
15
10
10
9
14
9
