2
8
8
8
9
8
6
9
10
9
6
9
9
7
9
7
8
10
11
9
7
9
11
8
10
10
8
10
7
8
11
7
11
7
10
6
9
6
7
5
11
5
10
7
6
10
9
12
11
4
10
10
10
11
10
9
12
6
10
3
10
11
7
11
8
8
7
8
13
10
5
9
5
11
4
12
3
10
4
8
4
11
5
11
6
13
7
12
6
12
5
5
7
10
2
10
3
13
4
13
5
7
5
12
4
7
3
3
11
4
11
11
3
13
3
3
9
3
8
4
8
4
9
2
7
2
10
7
13
5
5
9
13
6
13
7
12
6
12
7
14
7
15
6
4
12
12
8
5
9
14
13
8
11
13
13
11
10
14
2
6
4
13
4
12
1
6
3
5
4
4
11
14
2
13
8
3
9
3
14
9
3
12
1
14
6
15
13
10
11
12
5
14
2
4
12
9
14
11
13
9
13
12
15
9
11
9
14
12
12
8
6
6
14
6
15
5
5
13
3
13
6
14
6
11
2
14
11
11
4
7
15
7
5
4
15
10
12
7
15
11
14
10
4
3
14
8
15
8
