1
8
8
8
9
8
6
9
9
9
7
10
8
11
7
10
7
10
9
10
6
10
5
7
7
7
10
8
5
6
8
6
7
6
10
9
6
4
8
4
7
11
8
7
8
5
6
7
9
5
9
7
11
7
6
5
7
3
7
2
6
8
7
11
6
6
12
9
10
10
11
9
8
12
5
12
6
13
6
14
5
6
11
6
9
4
10
5
10
13
9
5
11
9
12
8
13
12
9
14
9
8
12
10
12
13
8
11
10
13
10
13
7
4
11
4
12
13
12
13
11
11
4
14
7
6
4
7
5
14
11
15
12
14
8
9
3
9
11
9
2
6
13
6
14
9
5
12
8
5
12
7
14
10
4
7
12
3
6
8
4
6
6
4
9
6
3
4
5
3
8
5
5
6
5
6
2
3
11
3
9
8
2
2
12
3
5
3
4
12
13
11
14
12
2
11
3
5
8
2
8
12
10
11
11
9
14
4
6
11
12
12
11
7
13
3
14
9
13
9
15
10
3
10
2
11
1
4
3
4
4
14
4
14
3
4
14
5
14
5
2
2
5
12
4
13
5
11
5
13
3
11
13
5
13
12
12
10
14
2
14
3
13
4
13
5
15
13
13
10
10
11
9
2
11
12
1
15
10
15
9
15
6
5
1
11
15
5
3
4
2
6
1
14
14
7
1
14
13
7
3
14
12
7
4
14
15
