2
8
8
8
9
10
10
9
9
10
9
10
8
11
7
9
10
10
11
9
11
9
12
7
9
10
12
10
13
9
8
8
7
11
10
12
9
8
12
7
12
6
9
7
11
7
10
8
10
6
12
5
8
13
9
12
10
5
7
12
8
12
7
11
8
13
8
13
10
11
12
12
12
10
7
13
7
12
11
13
12
10
5
11
6
6
11
6
10
8
13
7
14
13
11
6
7
7
8
8
6
7
6
10
4
9
5
14
11
15
12
12
6
11
5
7
5
9
7
12
5
9
6
9
4
7
13
11
9
8
14
8
15
6
13
5
11
9
13
5
13
12
4
10
6
13
6
11
11
6
14
6
15
5
12
7
4
8
4
4
12
3
13
14
6
15
5
14
4
14
3
3
11
2
10
6
4
6
5
4
6
5
3
4
8
3
7
2
11
4
4
4
9
4
11
5
10
3
10
2
9
4
7
3
5
3
8
2
6
3
3
5
9
4
3
2
3
2
4
5
4
6
3
7
3
5
5
2
2
3
9
6
8
4
10
3
6
6
6
7
7
5
6
11
3
4
13
3
14
4
2
1
5
1
6
2
7
4
5
4
1
8
5
15
10
12
13
14
10
5
15
14
12
14
13
13
13
9
15
13
14
5
2
11
15
3
4
2
5
3
1
12
14
11
14
13
15
3
2
8
11
7
2
6
2
5
1
12
15
6
1
10
15
8
2
8
3
9
3
15
11
