1
8
8
9
9
10
10
8
9
7
9
9
7
11
9
9
11
9
10
11
10
9
8
10
8
11
7
10
5
6
10
7
11
6
12
6
11
8
11
7
12
7
10
8
10
5
8
6
9
4
9
5
10
9
6
4
11
3
12
5
11
3
11
3
10
7
6
6
6
8
5
6
7
7
7
7
8
8
7
6
5
6
8
8
6
6
4
5
12
6
13
5
13
5
9
4
10
5
14
4
5
5
6
8
13
9
14
5
5
3
5
1
8
2
9
2
10
1
10
4
13
9
4
4
6
12
5
10
4
3
14
3
9
2
8
10
3
10
6
4
12
4
14
4
4
10
2
2
13
4
8
3
8
4
3
11
6
6
14
3
13
1
13
2
14
1
15
2
11
2
12
9
5
11
3
7
14
9
12
13
7
11
8
10
7
11
5
12
4
2
6
7
15
7
13
1
5
12
11
13
10
11
12
8
12
11
14
10
13
12
12
12
14
13
9
10
12
11
13
11
15
14
10
12
8
15
11
10
14
13
11
15
9
11
11
14
11
12
10
12
13
10
9
12
7
9
13
3
6
15
13
14
12
3
7
