1
8
8
8
9
10
10
9
9
9
8
7
9
10
9
11
10
6
9
10
8
8
10
11
9
11
8
8
6
9
7
9
10
7
8
8
7
5
8
6
8
4
7
7
10
4
9
4
10
6
7
3
10
5
9
5
7
5
10
4
6
3
5
5
6
4
11
3
12
3
8
2
7
3
6
2
5
6
11
7
12
7
11
5
11
6
12
3
7
2
8
6
13
7
6
8
5
9
12
8
4
8
3
11
12
10
11
7
5
5
5
6
6
4
8
1
8
9
3
9
5
10
5
10
4
7
7
11
3
12
2
5
14
8
11
9
11
8
12
6
10
3
13
8
13
5
13
4
14
11
4
11
7
10
6
10
13
11
13
6
3
13
5
10
2
13
6
14
5
12
5
14
7
12
6
11
6
13
7
13
4
13
9
5
2
7
4
13
8
12
3
12
4
2
9
3
9
13
11
9
2
13
10
12
12
12
9
14
11
12
8
12
7
14
8
7
2
8
2
4
13
12
10
6
15
2
11
7
14
15
9
11
5
11
11
10
12
15
7
