2
8
8
8
9
10
10
9
9
10
8
10
7
9
8
11
8
11
9
10
9
9
7
8
6
9
10
7
9
6
9
9
11
8
10
11
10
8
5
6
10
7
8
6
8
5
10
4
11
10
5
9
5
7
7
7
6
9
6
11
4
5
7
6
7
5
8
5
9
6
6
7
11
4
8
7
5
6
11
4
7
7
12
8
13
8
12
9
12
10
11
4
12
4
13
5
5
12
10
13
11
3
9
2
10
3
11
6
4
7
3
10
4
9
4
5
12
11
6
8
3
12
7
13
8
6
13
3
8
3
13
2
13
3
12
5
6
6
5
3
14
5
14
8
11
6
15
2
11
2
9
5
3
4
2
5
4
5
2
7
4
4
4
12
6
13
7
4
3
12
4
2
3
12
8
14
6
3
3
11
5
6
12
6
14
12
11
12
9
5
13
7
13
11
3
5
1
14
7
4
5
3
4
3
10
2
6
3
2
3
6
3
5
10
13
9
14
2
12
13
10
14
11
8
2
9
3
13
12
13
9
11
7
4
14
13
13
13
14
9
13
9
15
5
11
5
15
4
15
12
13
11
12
10
14
10
12
12
12
12
14
8
1
1
11
11
13
2
5
1
5
4
1
1
12
1
1
1
9
2
1
4
9
3
1
