1
8
8
8
9
8
6
9
10
9
6
9
9
7
9
7
8
10
11
9
7
9
8
11
8
10
9
7
6
6
7
9
11
9
12
11
10
10
10
10
8
11
7
11
12
10
12
10
13
11
11
6
10
7
11
6
8
6
12
7
12
5
13
4
14
4
11
5
10
8
13
7
10
8
10
9
13
6
13
3
10
4
10
7
14
4
13
7
13
4
9
4
12
4
8
4
7
5
11
6
11
3
9
2
8
1
11
2
10
2
9
5
9
2
11
3
11
13
11
13
10
12
11
14
11
15
12
14
10
3
12
5
14
6
14
14
8
14
9
13
8
12
8
12
10
15
10
10
6
10
5
13
7
13
6
2
13
11
4
12
3
12
5
10
3
11
3
10
7
12
9
11
5
12
6
12
7
12
4
10
4
14
6
13
5
7
5
6
5
8
4
4
4
5
4
5
6
5
7
8
3
7
4
6
4
8
5
6
6
4
6
8
7
6
3
5
2
7
2
4
5
7
7
5
5
3
5
2
2
3
3
6
9
5
8
7
1
8
2
3
4
4
2
11
2
2
4
1
3
1
5
5
1
5
3
6
1
4
3
8
1
10
1
3
1
4
1
2
3
1
2
7
3
15
6
13
9
11
6
