2
8
8
9
9
9
6
9
10
7
9
8
10
6
10
9
7
7
11
8
11
7
12
7
10
8
12
5
9
9
12
6
12
10
11
11
10
10
10
10
9
11
9
8
7
9
8
7
13
10
7
11
8
12
7
11
6
7
5
12
11
6
6
7
7
6
8
5
7
6
7
6
9
5
8
7
8
4
9
7
6
5
10
6
11
4
12
5
11
4
10
4
11
2
8
3
10
12
8
9
11
6
5
6
4
12
6
12
5
10
4
11
5
11
4
10
12
12
4
9
4
3
8
4
8
9
13
10
14
2
7
1
6
2
9
2
10
4
7
5
6
2
5
2
6
13
5
11
3
10
5
11
7
4
5
5
5
3
6
1
4
3
7
5
4
5
3
13
12
14
13
3
5
1
7
7
4
8
4
14
11
13
11
10
3
12
10
12
9
3
9
2
11
3
11
14
12
4
6
12
14
11
13
11
14
12
13
9
14
8
14
12
3
13
14
13
10
15
12
9
3
8
3
8
5
10
13
11
12
12
12
11
2
