2
8
8
8
9
8
6
9
10
9
6
9
9
7
9
7
8
10
11
9
7
9
11
8
10
8
11
7
11
10
8
10
10
7
10
6
9
6
7
7
6
11
10
12
11
12
9
13
8
10
7
11
8
6
12
10
5
9
12
8
13
9
4
8
7
7
4
8
5
6
5
5
10
4
11
9
5
11
5
8
4
7
3
6
4
7
12
8
12
11
6
4
12
12
6
10
6
10
4
13
7
13
9
11
4
13
4
12
5
5
9
5
6
13
6
9
3
12
3
15
6
12
10
11
11
6
6
10
13
14
9
15
9
13
11
11
9
11
13
6
13
10
14
12
12
13
13
5
13
7
13
3
11
6
14
2
10
1
9
3
9
3
10
4
8
4
10
3
13
2
13
5
11
11
14
12
14
8
14
9
14
12
13
13
12
11
12
5
12
5
14
2
14
1
15
2
12
6
10
4
14
3
12
1
11
5
15
5
7
