1
8
8
8
9
10
10
9
9
9
10
10
8
7
9
7
10
8
10
9
7
9
11
10
12
11
9
8
12
9
8
11
10
6
8
5
7
5
8
7
8
6
11
7
12
9
12
5
11
4
10
3
10
5
9
7
7
6
7
6
9
4
11
4
12
3
11
2
12
8
5
7
6
7
5
6
5
5
4
9
6
8
7
8
6
10
6
5
6
6
6
5
13
5
12
9
5
9
3
9
13
8
14
10
4
11
3
11
4
12
4
12
5
13
5
10
2
10
3
8
3
7
4
13
7
7
11
6
4
12
7
12
3
3
8
6
13
7
13
4
8
11
8
10
9
13
6
14
5
11
6
12
8
12
6
14
6
10
5
14
9
14
10
12
11
13
10
12
12
14
4
13
12
14
13
12
14
12
10
14
12
11
12
12
13
12
15
13
14
11
14
13
13
15
3
13
15
13
11
10
13
11
13
11
15
11
7
