1
8
8
8
9
10
9
7
8
6
7
7
7
7
9
9
7
8
7
7
6
7
5
9
5
8
6
9
6
9
8
9
4
9
3
8
4
11
7
6
4
7
4
11
8
9
11
8
10
10
11
8
11
10
10
12
11
8
12
7
13
7
12
10
12
12
8
11
9
11
10
12
9
10
7
10
8
12
10
13
10
13
9
14
10
9
12
9
14
14
11
5
12
11
12
8
2
7
3
6
12
8
13
7
14
6
14
8
3
11
11
9
9
5
11
11
13
7
2
7
1
7
11
6
10
8
1
4
11
6
13
4
10
5
10
4
9
4
12
4
7
4
8
12
12
10
14
6
9
12
13
13
14
6
8
5
8
7
10
3
6
2
5
2
9
3
9
5
7
3
10
2
7
3
7
5
6
3
8
5
9
5
5
3
11
4
5
6
5
6
6
10
5
12
5
1
13
2
12
11
4
12
4
12
3
13
2
11
6
12
7
12
6
2
8
8
5
11
5
5
4
11
14
4
6
13
12
10
15
15
10
