1
8
8
8
9
10
10
9
9
10
9
10
8
8
10
7
10
9
8
11
10
7
9
6
8
9
7
10
6
9
11
8
12
11
7
10
12
10
5
11
6
6
7
8
7
7
12
8
6
9
6
9
5
7
7
8
11
9
12
8
4
8
5
7
4
5
4
12
10
5
6
5
8
7
3
5
5
4
7
4
5
3
8
2
9
6
10
5
11
3
7
5
7
5
10
3
9
4
9
6
11
4
11
3
5
4
10
4
6
2
4
4
8
6
6
4
13
5
12
5
3
6
5
14
8
13
9
4
4
6
2
12
9
12
8
14
7
13
8
14
6
14
9
4
3
4
2
14
5
14
4
13
6
12
6
13
5
14
10
15
11
12
5
13
7
12
4
12
7
13
4
11
4
2
7
1
6
3
12
2
13
10
3
3
4
2
5
2
3
3
3
6
13
11
2
9
4
10
4
5
13
3
13
9
3
2
12
7
2
12
2
12
3
10
2
6
14
4
12
1
12
13
2
9
2
9
1
14
2
3
10
6
12
6
15
10
1
2
10
