2
8
8
8
9
8
6
9
10
9
9
10
10
7
8
9
8
8
10
10
8
10
9
10
7
11
6
7
7
9
6
10
6
6
9
10
5
10
4
8
7
9
7
6
10
4
7
6
5
5
8
7
10
6
11
6
8
4
8
4
9
9
4
9
3
5
7
3
7
3
9
6
6
5
4
6
4
6
3
5
5
6
7
4
6
2
8
3
6
7
3
5
6
2
6
8
4
2
10
1
11
7
6
8
5
7
5
3
3
4
4
4
10
2
11
2
9
7
2
7
4
7
13
3
4
3
5
9
2
8
3
6
12
5
10
4
11
4
12
5
9
3
11
1
9
1
8
3
8
5
13
6
14
3
13
1
7
1
10
3
12
6
13
4
13
10
11
8
13
9
5
5
3
2
4
5
14
9
11
10
12
11
11
12
11
4
5
8
1
12
9
7
14
8
14
1
6
11
4
11
9
11
3
12
2
11
2
11
5
13
4
12
4
12
3
14
5
13
3
14
3
7
11
13
5
12
5
2
7
11
13
13
7
13
8
11
10
12
10
14
9
14
7
13
6
12
8
5
11
14
2
12
6
12
13
11
12
10
13
13
13
15
6
13
10
15
8
15
5
14
8
11
8
13
11
12
12
9
12
13
12
14
12
11
14
12
7
8
15
15
12
3
14
4
14
4
3
5
2
6
2
15
13
14
13
15
14
15
15
13
14
1
5
14
14
1
3
2
3
1
4
