2
8
8
9
9
7
6
8
9
10
9
9
8
9
7
10
6
8
5
10
7
11
6
10
5
10
4
6
7
7
10
7
5
9
10
6
9
6
8
6
10
7
9
5
7
7
7
7
8
8
4
8
6
5
10
7
12
7
4
11
4
6
4
9
4
5
6
6
5
9
6
6
12
6
3
5
2
8
12
10
8
5
4
4
4
4
5
3
6
6
11
7
11
8
10
10
10
7
2
8
1
3
7
12
8
11
8
12
7
12
10
11
9
13
7
12
5
12
6
11
5
13
5
13
6
10
3
8
3
10
12
9
11
12
12
9
12
12
11
12
13
11
12
13
9
14
10
13
11
13
10
14
9
15
10
11
10
14
12
13
12
10
13
9
14
9
13
8
13
10
11
10
15
11
14
11
2
11
3
8
2
11
13
13
3
11
15
11
11
12
14
13
15
15
11
13
13
13
14
12
9
15
9
14
2
12
4
15
8
14
7
14
14
7
14
10
1
10
2
9
1
4
10
7
1
5
12
11
1
