1
8
8
8
9
10
10
9
9
10
9
10
8
8
10
7
10
9
8
11
10
6
9
6
8
8
12
9
11
8
7
7
6
7
7
6
6
5
10
7
8
6
7
9
7
5
11
5
9
8
6
4
8
5
7
4
7
7
9
6
10
3
7
4
10
4
9
8
13
7
12
9
12
10
11
3
11
2
12
6
11
3
8
9
13
9
10
6
13
7
13
10
13
6
12
9
14
9
15
11
14
8
11
11
8
11
13
8
14
5
13
5
12
4
13
7
14
10
14
11
7
11
6
12
12
11
12
5
14
6
14
8
15
4
11
12
8
13
8
9
5
13
9
14
9
13
7
13
6
3
6
3
9
8
4
8
5
10
5
12
13
9
6
11
4
12
7
9
4
12
5
12
15
12
11
12
4
13
4
10
7
2
13
3
12
2
7
1
6
5
4
4
5
5
5
5
6
4
6
6
4
3
4
3
5
3
13
1
13
2
10
2
11
11
5
9
3
4
14
7
11
5
15
1
11
4
12
13
5
12
6
14
8
4
15
