2
8
8
9
9
7
6
9
8
9
7
7
9
8
6
10
6
8
7
8
9
6
9
8
5
7
7
6
7
9
5
6
8
7
8
9
6
7
5
7
4
10
7
11
7
11
9
6
4
6
6
8
4
5
4
5
7
4
6
5
6
4
7
10
8
12
6
6
5
5
8
3
6
8
10
7
10
10
4
11
3
11
5
13
7
5
10
4
11
8
2
9
3
9
2
7
12
5
12
6
3
5
2
3
11
5
11
5
9
7
13
4
10
2
12
5
13
4
12
10
3
8
3
3
12
3
13
8
12
9
12
2
14
6
2
7
2
12
4
12
5
10
11
11
10
12
11
11
12
9
11
8
11
11
11
13
11
10
12
9
13
10
9
5
14
11
13
12
14
6
13
13
9
13
10
3
8
10
10
10
13
12
8
3
4
3
7
4
5
2
3
2
8
6
10
5
3
3
9
3
5
3
3
2
5
5
5
4
4
2
7
12
10
6
11
6
12
1
7
2
11
4
13
3
14
1
11
4
14
1
14
6
14
