1
8
8
9
9
10
8
10
7
9
7
8
6
11
9
11
8
12
9
12
10
7
9
6
10
7
8
6
8
7
7
7
10
7
5
7
6
6
9
5
10
8
10
8
9
6
6
8
4
8
5
10
6
11
6
5
5
9
11
9
5
7
3
9
8
6
11
5
9
7
11
8
11
3
7
8
7
10
9
5
11
5
8
5
4
6
5
4
10
3
10
3
9
6
12
2
8
1
7
5
7
10
12
11
13
5
3
5
12
5
13
4
14
8
3
6
3
4
5
2
12
3
11
4
12
4
9
3
13
2
14
7
13
5
6
3
4
4
11
5
15
1
11
2
11
13
9
14
9
2
9
3
12
1
12
7
4
6
4
5
14
12
8
4
13
1
10
10
10
6
15
6
14
7
14
4
15
3
8
4
7
10
11
13
10
8
13
9
12
10
14
14
10
11
10
10
13
11
14
9
14
11
12
14
12
12
13
13
14
14
11
9
4
13
12
10
15
15
10
