2
8
8
9
9
10
10
8
9
9
8
7
9
10
9
10
8
8
10
11
10
6
9
11
9
12
10
7
8
6
7
7
10
7
7
6
8
7
12
11
11
11
8
10
11
9
10
8
11
9
11
9
12
12
9
12
7
10
13
10
7
11
12
8
13
7
14
7
13
5
8
5
7
7
6
4
9
8
5
9
4
8
7
6
5
4
6
8
6
11
7
5
12
6
11
5
5
7
5
12
11
5
4
10
5
11
6
7
4
4
7
10
4
8
4
10
3
10
6
9
5
9
3
10
2
10
1
3
6
11
4
11
5
6
10
12
5
13
5
12
6
12
4
12
2
11
3
8
3
12
8
7
2
6
1
9
2
8
2
7
1
5
6
5
11
6
12
6
13
5
13
4
4
5
3
4
8
4
14
7
11
3
10
14
4
2
10
4
10
14
8
13
9
3
11
4
12
4
11
13
2
11
2
3
12
14
11
15
12
14
6
15
7
14
7
13
12
14
9
14
5
14
12
14
13
15
14
12
15
2
12
13
14
13
8
13
13
13
6
12
13
12
12
13
11
13
10
13
15
