1
8
8
8
9
10
10
9
9
7
9
9
7
9
10
7
10
8
11
11
10
9
8
10
9
11
9
9
11
7
8
6
8
6
11
5
10
5
11
4
11
6
10
4
12
4
10
7
13
9
6
6
13
5
13
7
6
3
9
2
8
11
8
10
8
11
7
10
5
10
7
12
9
12
8
7
14
11
6
11
5
5
12
13
7
9
5
10
6
10
4
12
5
8
13
13
5
14
5
12
4
13
3
11
3
10
2
12
6
12
3
14
6
15
7
14
8
15
9
13
8
13
6
14
9
10
11
11
2
15
6
14
10
14
7
6
6
5
7
13
10
6
7
15
10
12
10
12
11
12
7
15
4
11
12
13
12
14
13
13
11
13
9
13
14
13
13
8
12
7
4
8
5
5
6
4
5
6
5
4
7
11
13
12
13
4
8
3
7
5
5
5
4
9
4
14
11
11
14
11
11
8
4
6
4
11
4
