1
8
8
8
9
10
10
9
9
9
10
10
8
7
9
7
10
8
10
9
11
10
7
9
7
11
9
11
10
6
11
5
11
6
8
6
7
5
7
4
6
5
9
5
8
4
10
3
11
7
5
7
6
4
9
6
6
5
6
2
10
8
5
4
7
6
9
3
9
7
12
5
10
4
12
4
11
3
10
4
4
6
12
6
10
4
5
5
5
3
3
6
4
3
7
6
3
6
5
5
12
6
13
8
11
9
6
10
5
12
9
11
8
5
13
4
14
9
12
1
11
2
11
12
6
8
13
7
13
9
14
10
15
8
7
13
8
12
8
3
4
10
12
8
12
10
11
10
13
5
4
6
15
11
7
8
6
12
10
12
11
13
7
14
6
13
12
11
6
12
7
14
7
13
6
13
9
11
12
12
12
2
13
10
14
9
13
8
2
7
3
14
5
14
8
13
5
14
4
12
5
11
5
12
3
12
4
13
2
13
4
14
1
11
4
9
4
15
4
