1
8
8
8
9
8
7
9
7
9
9
7
7
7
8
6
8
9
6
10
5
8
6
8
5
6
9
5
10
7
6
6
6
6
5
9
8
5
4
4
3
11
6
10
6
10
4
6
4
11
5
11
4
5
8
4
6
4
7
4
4
5
5
4
5
4
2
7
10
6
11
5
6
3
4
4
10
6
10
3
9
3
11
3
6
2
6
5
11
6
12
6
13
5
12
5
7
4
8
7
12
7
9
3
10
7
11
5
9
10
8
8
10
2
8
11
7
1
8
3
8
3
7
3
3
10
10
1
10
2
10
12
6
12
8
12
5
9
11
11
9
10
11
8
11
10
12
10
9
9
10
12
12
9
13
9
12
8
14
11
14
10
13
10
14
12
10
11
11
11
10
13
10
4
12
11
13
13
11
5
13
2
9
2
7
7
15
4
13
3
13
12
13
11
12
12
14
13
14
13
13
12
15
12
3
12
4
13
6
14
7
14
11
14
13
11
15
12
9
13
8
13
7
14
12
15
11
7
13
13
12
8
4
9
3
8
2
7
3
14
5
8
3
10
3
9
2
15
4
12
7
12
11
5
14
13
4
10
1
7
4
13
2
15
6
11
2
15
5
15
7
12
2
5
3
6
3
5
2
5
1
14
3
4
9
1
6
13
5
14
4
15
3
14
1
2
11
15
1
2
12
14
2
13
3
12
1
2
13
2
14
1
11
1
12
1
9
13
1
11
1
8
1
1
5
9
1
9
4
3
14
1
3
3
12
3
15
8
13
2
4
3
5
2
3
6
14
1
2
4
14
