2
8
8
8
9
10
10
9
9
7
9
9
7
9
10
7
10
9
8
10
8
11
7
11
9
12
10
11
10
12
9
12
8
11
12
10
12
8
6
9
5
12
13
13
14
12
11
12
12
7
6
8
7
13
13
10
13
6
6
9
6
10
5
4
6
6
8
9
4
9
3
6
9
5
8
7
8
5
10
5
9
4
8
6
7
7
7
14
8
13
7
7
5
3
8
2
8
5
5
4
4
6
11
4
9
13
8
12
7
3
10
10
14
11
14
10
15
10
11
3
9
2
9
5
6
4
5
7
4
4
11
5
12
5
11
7
11
13
11
13
9
7
12
8
4
10
4
7
3
6
2
6
10
8
12
10
7
8
5
14
11
8
11
5
4
6
4
8
14
9
11
5
14
8
10
5
7
1
10
11
5
10
6
9
14
3
11
2
11
6
14
7
13
5
13
4
12
6
13
10
9
6
12
6
15
8
13
4
7
14
9
6
5
8
3
1
7
3
7
2
6
3
5
3
6
1
6
13
6
14
5
4
10
10
3
10
2
12
5
3
12
4
13
2
5
2
4
5
3
12
3
11
3
2
13
3
13
13
4
11
2
12
4
12
2
9
2
4
3
6
3
11
4
11
1
3
2
2
1
7
1
11
6
7
2
