2
8
8
9
9
9
6
9
10
7
9
8
10
6
10
9
7
7
11
8
11
7
12
7
10
8
12
5
9
9
12
6
12
10
11
11
10
10
10
10
9
11
9
7
13
9
8
10
12
11
8
10
8
5
11
4
12
11
7
11
6
6
8
5
8
5
7
4
9
6
9
6
7
7
6
2
11
3
10
7
5
6
6
8
6
6
4
4
6
8
5
10
7
3
9
8
7
7
7
4
11
4
8
2
10
4
4
5
5
4
13
2
12
2
9
3
4
7
4
2
13
2
14
5
6
4
5
10
5
10
6
8
4
5
12
3
11
5
10
1
9
5
13
5
14
6
3
5
2
8
3
6
2
5
4
3
6
2
5
2
8
3
7
12
7
9
4
1
11
7
2
8
1
9
2
12
8
10
1
6
5
9
1
9
3
11
2
10
3
11
3
1
12
10
2
8
2
12
4
13
5
11
1
11
4
13
2
12
2
13
1
12
1
1
10
4
14
1
13
13
8
14
9
13
6
12
5
13
7
13
9
13
4
