2
8
8
8
9
8
7
8
6
10
7
7
8
9
7
7
7
7
9
10
6
9
5
9
8
7
6
9
4
9
10
8
10
11
7
12
7
11
6
11
5
6
10
5
11
5
9
10
4
7
11
8
12
8
11
11
4
12
4
9
11
4
10
6
9
4
8
3
7
4
9
4
7
5
8
6
7
5
7
10
3
6
8
5
10
3
5
4
6
10
2
7
4
8
4
7
3
7
5
6
6
5
5
5
6
4
5
6
5
3
8
2
8
8
3
4
11
3
12
12
5
9
2
13
5
14
5
11
2
11
3
11
9
10
10
6
4
6
3
7
12
8
2
8
1
6
2
7
2
3
11
2
12
2
6
9
12
10
12
12
9
10
9
10
11
11
10
14
7
13
6
5
12
4
12
5
13
5
14
6
11
7
10
4
4
12
10
13
10
11
11
13
9
12
12
9
9
13
12
13
13
3
10
14
9
15
9
14
12
14
10
8
13
9
14
7
14
6
15
7
13
6
13
12
11
11
12
6
12
