1
8
8
8
9
10
10
9
9
7
9
9
7
9
8
7
8
9
10
8
10
11
9
12
8
6
10
11
7
12
6
10
7
8
7
10
6
9
5
13
9
14
10
5
11
6
6
10
8
10
5
12
10
7
11
7
5
5
9
4
8
7
13
14
8
11
11
12
7
13
7
7
4
9
6
5
6
12
11
11
8
13
8
7
12
9
11
8
12
7
6
10
9
6
7
14
5
13
6
11
4
8
11
10
11
6
8
6
9
8
6
7
7
11
5
8
5
9
12
5
4
6
3
4
11
4
10
6
5
5
5
8
3
4
7
3
10
9
2
5
12
2
9
2
11
3
12
14
4
3
11
2
12
13
4
5
15
9
14
9
13
11
3
10
4
5
13
13
5
14
7
12
9
11
13
10
13
4
12
6
14
11
12
11
10
12
12
13
11
13
12
10
12
11
14
11
15
10
14
13
13
12
14
8
14
13
14
